Start testing: Jun 28 02:02 JST
----------------------------------------------------------
1/1 Testing: unit_core
1/1 Test: unit_core
Command: "/rogue1_8/nunota/lcbinint/build_new/test_core"
Directory: /rogue1_8/nunota/lcbinint/build_new
"unit_core" start time: Jun 28 02:02 JST
Output:
----------------------------------------------------------
<end of output>
Test time =   0.02 sec
----------------------------------------------------------
Test Failed.
"unit_core" end time: Jun 28 02:02 JST
"unit_core" time elapsed: 00:00:00
----------------------------------------------------------

End testing: Jun 28 02:02 JST
